09-May-2023 14:54:59.298 INFO [main] org.apache.catalina.startup.VersionLoggerListener.log 서버 버전 이름:    Apache Tomcat/8.5.88
09-May-2023 14:54:59.304 INFO [main] org.apache.catalina.startup.VersionLoggerListener.log Server 빌드 시각:  Apr 14 2023 20:16:27 UTC
09-May-2023 14:54:59.304 INFO [main] org.apache.catalina.startup.VersionLoggerListener.log Server 버전 번호:  8.5.88.0
09-May-2023 14:54:59.304 INFO [main] org.apache.catalina.startup.VersionLoggerListener.log 운영체제 이름:     Windows 10
09-May-2023 14:54:59.304 INFO [main] org.apache.catalina.startup.VersionLoggerListener.log 운영체제 버전:     10.0
09-May-2023 14:54:59.304 INFO [main] org.apache.catalina.startup.VersionLoggerListener.log 아키텍처:          amd64
09-May-2023 14:54:59.304 INFO [main] org.apache.catalina.startup.VersionLoggerListener.log 자바 홈:           C:\Users\Minkyu\Desktop\workspace\etc\jdk-17.0.7
09-May-2023 14:54:59.304 INFO [main] org.apache.catalina.startup.VersionLoggerListener.log JVM 버전:          17.0.7+8-LTS-224
09-May-2023 14:54:59.304 INFO [main] org.apache.catalina.startup.VersionLoggerListener.log JVM 벤더:          Oracle Corporation
09-May-2023 14:54:59.304 INFO [main] org.apache.catalina.startup.VersionLoggerListener.log CATALINA_BASE:     C:\Users\Minkyu\Desktop\workspace\etc\apache-tomcat-8.5.88
09-May-2023 14:54:59.304 INFO [main] org.apache.catalina.startup.VersionLoggerListener.log CATALINA_HOME:     C:\Users\Minkyu\Desktop\workspace\etc\apache-tomcat-8.5.88
09-May-2023 14:54:59.305 INFO [main] org.apache.catalina.startup.VersionLoggerListener.log 명령 행 아규먼트:  -Djava.util.logging.config.file=c:\Users\Minkyu\Desktop\workspace\etc\apache-tomcat-8.5.88/conf/logging.properties
09-May-2023 14:54:59.305 INFO [main] org.apache.catalina.startup.VersionLoggerListener.log 명령 행 아규먼트:  -Djava.util.logging.manager=org.apache.juli.ClassLoaderLogManager
09-May-2023 14:54:59.305 INFO [main] org.apache.catalina.startup.VersionLoggerListener.log 명령 행 아규먼트:  -Djdk.tls.ephemeralDHKeySize=2048
09-May-2023 14:54:59.305 INFO [main] org.apache.catalina.startup.VersionLoggerListener.log 명령 행 아규먼트:  -Djava.protocol.handler.pkgs=org.apache.catalina.webresources
09-May-2023 14:54:59.306 INFO [main] org.apache.catalina.startup.VersionLoggerListener.log 명령 행 아규먼트:  -Dorg.apache.catalina.security.SecurityListener.UMASK=0027
09-May-2023 14:54:59.306 INFO [main] org.apache.catalina.startup.VersionLoggerListener.log 명령 행 아규먼트:  -Dcatalina.base=c:\Users\Minkyu\Desktop\workspace\etc\apache-tomcat-8.5.88
09-May-2023 14:54:59.306 INFO [main] org.apache.catalina.startup.VersionLoggerListener.log 명령 행 아규먼트:  -Dcatalina.home=c:\Users\Minkyu\Desktop\workspace\etc\apache-tomcat-8.5.88
09-May-2023 14:54:59.306 INFO [main] org.apache.catalina.startup.VersionLoggerListener.log 명령 행 아규먼트:  -Djava.io.tmpdir=c:\Users\Minkyu\Desktop\workspace\etc\apache-tomcat-8.5.88/temp
09-May-2023 14:54:59.306 INFO [main] org.apache.catalina.core.AprLifecycleListener.lifecycleEvent APR 버전 [1.7.2]을(를) 사용한, APR 기반 Apache Tomcat Native 라이브러리 [1.2.36]을(를) 로드했습니다.
09-May-2023 14:54:59.306 INFO [main] org.apache.catalina.core.AprLifecycleListener.lifecycleEvent APR 용량정보들: IPv6 [true], sendfile [true], accept filters [false], random [true], UDS [{4}].
09-May-2023 14:54:59.306 INFO [main] org.apache.catalina.core.AprLifecycleListener.lifecycleEvent APR/OpenSSL 설정: useAprConnector [false], useOpenSSL [true]
09-May-2023 14:54:59.320 INFO [main] org.apache.catalina.core.AprLifecycleListener.initializeSSL OpenSSL이 성공적으로 초기화되었습니다: [OpenSSL 1.1.1t  7 Feb 2023]
09-May-2023 14:54:59.345 INFO [main] org.apache.coyote.AbstractProtocol.init 프로토콜 핸들러 ["http-nio-8080"]을(를) 초기화합니다.
09-May-2023 14:54:59.357 SEVERE [main] org.apache.catalina.core.StandardService.initInternal Failed to initialize connector [Connector[HTTP/1.1-8080]]
	org.apache.catalina.LifecycleException: 프로토콜 핸들러 초기화가 실패했습니다.
		at org.apache.catalina.connector.Connector.initInternal(Connector.java:1075)
		at org.apache.catalina.util.LifecycleBase.init(LifecycleBase.java:136)
		at org.apache.catalina.core.StandardService.initInternal(StandardService.java:559)
		at org.apache.catalina.util.LifecycleBase.init(LifecycleBase.java:136)
		at org.apache.catalina.core.StandardServer.initInternal(StandardServer.java:857)
		at org.apache.catalina.util.LifecycleBase.init(LifecycleBase.java:136)
		at org.apache.catalina.startup.Catalina.load(Catalina.java:646)
		at org.apache.catalina.startup.Catalina.load(Catalina.java:669)
		at java.base/jdk.internal.reflect.NativeMethodAccessorImpl.invoke0(Native Method)
		at java.base/jdk.internal.reflect.NativeMethodAccessorImpl.invoke(NativeMethodAccessorImpl.java:77)
		at java.base/jdk.internal.reflect.DelegatingMethodAccessorImpl.invoke(DelegatingMethodAccessorImpl.java:43)
		at java.base/java.lang.reflect.Method.invoke(Method.java:568)
		at org.apache.catalina.startup.Bootstrap.load(Bootstrap.java:307)
		at org.apache.catalina.startup.Bootstrap.main(Bootstrap.java:477)
	Caused by: java.net.BindException: Address already in use: bind
		at java.base/sun.nio.ch.Net.bind0(Native Method)
		at java.base/sun.nio.ch.Net.bind(Net.java:555)
		at java.base/sun.nio.ch.ServerSocketChannelImpl.netBind(ServerSocketChannelImpl.java:337)
		at java.base/sun.nio.ch.ServerSocketChannelImpl.bind(ServerSocketChannelImpl.java:294)
		at java.base/sun.nio.ch.ServerSocketAdaptor.bind(ServerSocketAdaptor.java:89)
		at org.apache.tomcat.util.net.NioEndpoint.initServerSocket(NioEndpoint.java:226)
		at org.apache.tomcat.util.net.NioEndpoint.bind(NioEndpoint.java:202)
		at org.apache.tomcat.util.net.AbstractEndpoint.bindWithCleanup(AbstractEndpoint.java:1296)
		at org.apache.tomcat.util.net.AbstractEndpoint.init(AbstractEndpoint.java:1309)
		at org.apache.tomcat.util.net.AbstractJsseEndpoint.init(AbstractJsseEndpoint.java:231)
		at org.apache.coyote.AbstractProtocol.init(AbstractProtocol.java:693)
		at org.apache.coyote.http11.AbstractHttp11Protocol.init(AbstractHttp11Protocol.java:76)
		at org.apache.catalina.connector.Connector.initInternal(Connector.java:1073)
		... 13 more
09-May-2023 14:54:59.358 INFO [main] org.apache.catalina.startup.Catalina.load Initialization processed in 306 ms
09-May-2023 14:54:59.394 INFO [main] org.apache.catalina.core.StandardService.startInternal 서비스 [Catalina]을(를) 시작합니다.
09-May-2023 14:54:59.394 INFO [main] org.apache.catalina.core.StandardEngine.startInternal 서버 엔진을 시작합니다: [Apache Tomcat/8.5.88]
09-May-2023 14:54:59.400 INFO [localhost-startStop-1] org.apache.catalina.startup.HostConfig.deployDirectory 웹 애플리케이션 디렉토리 [C:\Users\Minkyu\Desktop\workspace\etc\apache-tomcat-8.5.88\webapps\docs]을(를) 배치합니다.
09-May-2023 14:54:59.602 INFO [localhost-startStop-1] org.apache.catalina.startup.HostConfig.deployDirectory 웹 애플리케이션 디렉토리 [C:\Users\Minkyu\Desktop\workspace\etc\apache-tomcat-8.5.88\webapps\docs]에 대한 배치가 [201] 밀리초에 완료되었습니다.
09-May-2023 14:54:59.602 INFO [localhost-startStop-1] org.apache.catalina.startup.HostConfig.deployDirectory 웹 애플리케이션 디렉토리 [C:\Users\Minkyu\Desktop\workspace\etc\apache-tomcat-8.5.88\webapps\examples]을(를) 배치합니다.
09-May-2023 14:54:59.858 INFO [localhost-startStop-1] org.apache.catalina.startup.HostConfig.deployDirectory 웹 애플리케이션 디렉토리 [C:\Users\Minkyu\Desktop\workspace\etc\apache-tomcat-8.5.88\webapps\examples]에 대한 배치가 [255] 밀리초에 완료되었습니다.
09-May-2023 14:54:59.858 INFO [localhost-startStop-1] org.apache.catalina.startup.HostConfig.deployDirectory 웹 애플리케이션 디렉토리 [C:\Users\Minkyu\Desktop\workspace\etc\apache-tomcat-8.5.88\webapps\host-manager]을(를) 배치합니다.
09-May-2023 14:54:59.890 INFO [localhost-startStop-1] org.apache.catalina.startup.HostConfig.deployDirectory 웹 애플리케이션 디렉토리 [C:\Users\Minkyu\Desktop\workspace\etc\apache-tomcat-8.5.88\webapps\host-manager]에 대한 배치가 [32] 밀리초에 완료되었습니다.
09-May-2023 14:54:59.890 INFO [localhost-startStop-1] org.apache.catalina.startup.HostConfig.deployDirectory 웹 애플리케이션 디렉토리 [C:\Users\Minkyu\Desktop\workspace\etc\apache-tomcat-8.5.88\webapps\manager]을(를) 배치합니다.
09-May-2023 14:54:59.917 INFO [localhost-startStop-1] org.apache.catalina.startup.HostConfig.deployDirectory 웹 애플리케이션 디렉토리 [C:\Users\Minkyu\Desktop\workspace\etc\apache-tomcat-8.5.88\webapps\manager]에 대한 배치가 [27] 밀리초에 완료되었습니다.
09-May-2023 14:54:59.917 INFO [localhost-startStop-1] org.apache.catalina.startup.HostConfig.deployDirectory 웹 애플리케이션 디렉토리 [C:\Users\Minkyu\Desktop\workspace\etc\apache-tomcat-8.5.88\webapps\ROOT]을(를) 배치합니다.
09-May-2023 14:54:59.932 INFO [localhost-startStop-1] org.apache.catalina.startup.HostConfig.deployDirectory 웹 애플리케이션 디렉토리 [C:\Users\Minkyu\Desktop\workspace\etc\apache-tomcat-8.5.88\webapps\ROOT]에 대한 배치가 [15] 밀리초에 완료되었습니다.
09-May-2023 14:54:59.934 INFO [main] org.apache.catalina.startup.Catalina.start Server startup in 575 ms
09-May-2023 14:54:59.940 SEVERE [main] org.apache.catalina.core.StandardServer.await 주소 [localhost]와(과) 포트 [8005]에, 서버 셧다운 소켓을 생성하지 못했습니다. (base 포트 [8005], offset [0])
	java.net.BindException: Address already in use: bind
		at java.base/sun.nio.ch.Net.bind0(Native Method)
		at java.base/sun.nio.ch.Net.bind(Net.java:555)
		at java.base/sun.nio.ch.Net.bind(Net.java:544)
		at java.base/sun.nio.ch.NioSocketImpl.bind(NioSocketImpl.java:643)
		at java.base/java.net.ServerSocket.bind(ServerSocket.java:388)
		at java.base/java.net.ServerSocket.<init>(ServerSocket.java:274)
		at org.apache.catalina.core.StandardServer.await(StandardServer.java:444)
		at org.apache.catalina.startup.Catalina.await(Catalina.java:783)
		at org.apache.catalina.startup.Catalina.start(Catalina.java:729)
		at java.base/jdk.internal.reflect.NativeMethodAccessorImpl.invoke0(Native Method)
		at java.base/jdk.internal.reflect.NativeMethodAccessorImpl.invoke(NativeMethodAccessorImpl.java:77)
		at java.base/jdk.internal.reflect.DelegatingMethodAccessorImpl.invoke(DelegatingMethodAccessorImpl.java:43)
		at java.base/java.lang.reflect.Method.invoke(Method.java:568)
		at org.apache.catalina.startup.Bootstrap.start(Bootstrap.java:347)
		at org.apache.catalina.startup.Bootstrap.main(Bootstrap.java:478)
09-May-2023 14:54:59.940 INFO [main] org.apache.coyote.AbstractProtocol.pause 프로토콜 핸들러 ["http-nio-8080"]을(를) 일시 정지 중
09-May-2023 14:54:59.941 INFO [main] org.apache.catalina.core.StandardService.stopInternal 서비스 [Catalina]을(를) 중지시킵니다.
09-May-2023 14:54:59.946 WARNING [localhost-startStop-1] org.apache.catalina.loader.WebappClassLoaderBase.clearReferencesObjectStreamClassCaches Java 9 또는 이후 버전을 사용할 때에는, "--add-opens=java.base/java.io=ALL-UNNAMED" 을(를) JVM 명령행 아규먼트들에 추가해서, ObjectStream 캐시 메모리 릭 방지 옵션을 활성화할 필요가 있습니다. 또는 원하시는 경우, ObjectStream 클래스 캐시 메모리 릭 방지 옵션을 비활성화해서 이 경고 메시지를 없앨 수도 있습니다.
09-May-2023 14:54:59.946 WARNING [localhost-startStop-1] org.apache.catalina.loader.WebappClassLoaderBase.checkThreadLocalsForLeaks Java 9 환경에서 실행할 때에는, ThreadLocal 메모리 누수 탐지를 위하여, "--add-opens=java.base/java.lang=ALL-UNNAMED"를 JVM 명령 행 아규먼트들에 추가해야 합니다. 또는, ThreadLocal 메모리 누수 탐지를 사용불능 상태로 설정함으로써, 이 경고 메시지를 없앨 수도 있습니다.
09-May-2023 14:54:59.947 WARNING [localhost-startStop-1] org.apache.catalina.loader.WebappClassLoaderBase.clearReferencesRmiTargets Java 9에서 실행하면서 RMI Target 메모리 누수 탐지를 사용 가능하게 하려면, "--add-opens=java.rmi/sun.rmi.transport=ALL-UNNAMED"를 JVM 명령 행 아규먼트에 추가해야 합니다. 또는, RMI Target 메모리 누수 탐지를 사용불능 상태로 설정함으로써, 이 경고를 없앨 수도 있습니다.
09-May-2023 14:54:59.951 WARNING [localhost-startStop-1] org.apache.catalina.loader.WebappClassLoaderBase.clearReferencesObjectStreamClassCaches Java 9 또는 이후 버전을 사용할 때에는, "--add-opens=java.base/java.io=ALL-UNNAMED" 을(를) JVM 명령행 아규먼트들에 추가해서, ObjectStream 캐시 메모리 릭 방지 옵션을 활성화할 필요가 있습니다. 또는 원하시는 경우, ObjectStream 클래스 캐시 메모리 릭 방지 옵션을 비활성화해서 이 경고 메시지를 없앨 수도 있습니다.
09-May-2023 14:54:59.951 WARNING [localhost-startStop-1] org.apache.catalina.loader.WebappClassLoaderBase.checkThreadLocalsForLeaks Java 9 환경에서 실행할 때에는, ThreadLocal 메모리 누수 탐지를 위하여, "--add-opens=java.base/java.lang=ALL-UNNAMED"를 JVM 명령 행 아규먼트들에 추가해야 합니다. 또는, ThreadLocal 메모리 누수 탐지를 사용불능 상태로 설정함으로써, 이 경고 메시지를 없앨 수도 있습니다.
09-May-2023 14:54:59.951 WARNING [localhost-startStop-1] org.apache.catalina.loader.WebappClassLoaderBase.clearReferencesRmiTargets Java 9에서 실행하면서 RMI Target 메모리 누수 탐지를 사용 가능하게 하려면, "--add-opens=java.rmi/sun.rmi.transport=ALL-UNNAMED"를 JVM 명령 행 아규먼트에 추가해야 합니다. 또는, RMI Target 메모리 누수 탐지를 사용불능 상태로 설정함으로써, 이 경고를 없앨 수도 있습니다.
09-May-2023 14:54:59.953 WARNING [localhost-startStop-1] org.apache.catalina.loader.WebappClassLoaderBase.clearReferencesObjectStreamClassCaches Java 9 또는 이후 버전을 사용할 때에는, "--add-opens=java.base/java.io=ALL-UNNAMED" 을(를) JVM 명령행 아규먼트들에 추가해서, ObjectStream 캐시 메모리 릭 방지 옵션을 활성화할 필요가 있습니다. 또는 원하시는 경우, ObjectStream 클래스 캐시 메모리 릭 방지 옵션을 비활성화해서 이 경고 메시지를 없앨 수도 있습니다.
09-May-2023 14:54:59.954 WARNING [localhost-startStop-1] org.apache.catalina.loader.WebappClassLoaderBase.checkThreadLocalsForLeaks Java 9 환경에서 실행할 때에는, ThreadLocal 메모리 누수 탐지를 위하여, "--add-opens=java.base/java.lang=ALL-UNNAMED"를 JVM 명령 행 아규먼트들에 추가해야 합니다. 또는, ThreadLocal 메모리 누수 탐지를 사용불능 상태로 설정함으로써, 이 경고 메시지를 없앨 수도 있습니다.
09-May-2023 14:54:59.954 WARNING [localhost-startStop-1] org.apache.catalina.loader.WebappClassLoaderBase.clearReferencesRmiTargets Java 9에서 실행하면서 RMI Target 메모리 누수 탐지를 사용 가능하게 하려면, "--add-opens=java.rmi/sun.rmi.transport=ALL-UNNAMED"를 JVM 명령 행 아규먼트에 추가해야 합니다. 또는, RMI Target 메모리 누수 탐지를 사용불능 상태로 설정함으로써, 이 경고를 없앨 수도 있습니다.
09-May-2023 14:54:59.956 WARNING [localhost-startStop-1] org.apache.catalina.loader.WebappClassLoaderBase.clearReferencesObjectStreamClassCaches Java 9 또는 이후 버전을 사용할 때에는, "--add-opens=java.base/java.io=ALL-UNNAMED" 을(를) JVM 명령행 아규먼트들에 추가해서, ObjectStream 캐시 메모리 릭 방지 옵션을 활성화할 필요가 있습니다. 또는 원하시는 경우, ObjectStream 클래스 캐시 메모리 릭 방지 옵션을 비활성화해서 이 경고 메시지를 없앨 수도 있습니다.
09-May-2023 14:54:59.956 WARNING [localhost-startStop-1] org.apache.catalina.loader.WebappClassLoaderBase.checkThreadLocalsForLeaks Java 9 환경에서 실행할 때에는, ThreadLocal 메모리 누수 탐지를 위하여, "--add-opens=java.base/java.lang=ALL-UNNAMED"를 JVM 명령 행 아규먼트들에 추가해야 합니다. 또는, ThreadLocal 메모리 누수 탐지를 사용불능 상태로 설정함으로써, 이 경고 메시지를 없앨 수도 있습니다.
09-May-2023 14:54:59.956 WARNING [localhost-startStop-1] org.apache.catalina.loader.WebappClassLoaderBase.clearReferencesRmiTargets Java 9에서 실행하면서 RMI Target 메모리 누수 탐지를 사용 가능하게 하려면, "--add-opens=java.rmi/sun.rmi.transport=ALL-UNNAMED"를 JVM 명령 행 아규먼트에 추가해야 합니다. 또는, RMI Target 메모리 누수 탐지를 사용불능 상태로 설정함으로써, 이 경고를 없앨 수도 있습니다.
09-May-2023 14:54:59.958 WARNING [localhost-startStop-1] org.apache.catalina.loader.WebappClassLoaderBase.clearReferencesObjectStreamClassCaches Java 9 또는 이후 버전을 사용할 때에는, "--add-opens=java.base/java.io=ALL-UNNAMED" 을(를) JVM 명령행 아규먼트들에 추가해서, ObjectStream 캐시 메모리 릭 방지 옵션을 활성화할 필요가 있습니다. 또는 원하시는 경우, ObjectStream 클래스 캐시 메모리 릭 방지 옵션을 비활성화해서 이 경고 메시지를 없앨 수도 있습니다.
09-May-2023 14:54:59.959 WARNING [localhost-startStop-1] org.apache.catalina.loader.WebappClassLoaderBase.checkThreadLocalsForLeaks Java 9 환경에서 실행할 때에는, ThreadLocal 메모리 누수 탐지를 위하여, "--add-opens=java.base/java.lang=ALL-UNNAMED"를 JVM 명령 행 아규먼트들에 추가해야 합니다. 또는, ThreadLocal 메모리 누수 탐지를 사용불능 상태로 설정함으로써, 이 경고 메시지를 없앨 수도 있습니다.
09-May-2023 14:54:59.959 WARNING [localhost-startStop-1] org.apache.catalina.loader.WebappClassLoaderBase.clearReferencesRmiTargets Java 9에서 실행하면서 RMI Target 메모리 누수 탐지를 사용 가능하게 하려면, "--add-opens=java.rmi/sun.rmi.transport=ALL-UNNAMED"를 JVM 명령 행 아규먼트에 추가해야 합니다. 또는, RMI Target 메모리 누수 탐지를 사용불능 상태로 설정함으로써, 이 경고를 없앨 수도 있습니다.
09-May-2023 14:54:59.960 INFO [main] org.apache.coyote.AbstractProtocol.stop 프로토콜 핸들러 ["http-nio-8080"]을(를) 중지시킵니다.
09-May-2023 14:54:59.961 INFO [main] org.apache.coyote.AbstractProtocol.destroy 프로토콜 핸들러 ["http-nio-8080"]을(를) 소멸시킵니다.
09-May-2023 15:11:36.085 INFO [main] org.apache.catalina.startup.VersionLoggerListener.log 서버 버전 이름:    Apache Tomcat/8.5.88
09-May-2023 15:11:36.090 INFO [main] org.apache.catalina.startup.VersionLoggerListener.log Server 빌드 시각:  Apr 14 2023 20:16:27 UTC
09-May-2023 15:11:36.091 INFO [main] org.apache.catalina.startup.VersionLoggerListener.log Server 버전 번호:  8.5.88.0
09-May-2023 15:11:36.091 INFO [main] org.apache.catalina.startup.VersionLoggerListener.log 운영체제 이름:     Windows 10
09-May-2023 15:11:36.091 INFO [main] org.apache.catalina.startup.VersionLoggerListener.log 운영체제 버전:     10.0
09-May-2023 15:11:36.091 INFO [main] org.apache.catalina.startup.VersionLoggerListener.log 아키텍처:          amd64
09-May-2023 15:11:36.091 INFO [main] org.apache.catalina.startup.VersionLoggerListener.log 자바 홈:           C:\Users\Minkyu\Desktop\workspace\etc\jdk-17.0.7
09-May-2023 15:11:36.091 INFO [main] org.apache.catalina.startup.VersionLoggerListener.log JVM 버전:          17.0.7+8-LTS-224
09-May-2023 15:11:36.091 INFO [main] org.apache.catalina.startup.VersionLoggerListener.log JVM 벤더:          Oracle Corporation
09-May-2023 15:11:36.091 INFO [main] org.apache.catalina.startup.VersionLoggerListener.log CATALINA_BASE:     C:\Users\Minkyu\Desktop\workspace\etc\apache-tomcat-8.5.88
09-May-2023 15:11:36.091 INFO [main] org.apache.catalina.startup.VersionLoggerListener.log CATALINA_HOME:     C:\Users\Minkyu\Desktop\workspace\etc\apache-tomcat-8.5.88
09-May-2023 15:11:36.092 INFO [main] org.apache.catalina.startup.VersionLoggerListener.log 명령 행 아규먼트:  -Djava.util.logging.config.file=c:\Users\Minkyu\Desktop\workspace\etc\apache-tomcat-8.5.88/conf/logging.properties
09-May-2023 15:11:36.092 INFO [main] org.apache.catalina.startup.VersionLoggerListener.log 명령 행 아규먼트:  -Djava.util.logging.manager=org.apache.juli.ClassLoaderLogManager
09-May-2023 15:11:36.092 INFO [main] org.apache.catalina.startup.VersionLoggerListener.log 명령 행 아규먼트:  -Djdk.tls.ephemeralDHKeySize=2048
09-May-2023 15:11:36.093 INFO [main] org.apache.catalina.startup.VersionLoggerListener.log 명령 행 아규먼트:  -Djava.protocol.handler.pkgs=org.apache.catalina.webresources
09-May-2023 15:11:36.094 INFO [main] org.apache.catalina.startup.VersionLoggerListener.log 명령 행 아규먼트:  -Dorg.apache.catalina.security.SecurityListener.UMASK=0027
09-May-2023 15:11:36.095 INFO [main] org.apache.catalina.startup.VersionLoggerListener.log 명령 행 아규먼트:  -Dcatalina.base=c:\Users\Minkyu\Desktop\workspace\etc\apache-tomcat-8.5.88
09-May-2023 15:11:36.096 INFO [main] org.apache.catalina.startup.VersionLoggerListener.log 명령 행 아규먼트:  -Dcatalina.home=c:\Users\Minkyu\Desktop\workspace\etc\apache-tomcat-8.5.88
09-May-2023 15:11:36.096 INFO [main] org.apache.catalina.startup.VersionLoggerListener.log 명령 행 아규먼트:  -Djava.io.tmpdir=c:\Users\Minkyu\Desktop\workspace\etc\apache-tomcat-8.5.88/temp
09-May-2023 15:11:36.096 INFO [main] org.apache.catalina.core.AprLifecycleListener.lifecycleEvent APR 버전 [1.7.2]을(를) 사용한, APR 기반 Apache Tomcat Native 라이브러리 [1.2.36]을(를) 로드했습니다.
09-May-2023 15:11:36.096 INFO [main] org.apache.catalina.core.AprLifecycleListener.lifecycleEvent APR 용량정보들: IPv6 [true], sendfile [true], accept filters [false], random [true], UDS [{4}].
09-May-2023 15:11:36.096 INFO [main] org.apache.catalina.core.AprLifecycleListener.lifecycleEvent APR/OpenSSL 설정: useAprConnector [false], useOpenSSL [true]
09-May-2023 15:11:36.100 INFO [main] org.apache.catalina.core.AprLifecycleListener.initializeSSL OpenSSL이 성공적으로 초기화되었습니다: [OpenSSL 1.1.1t  7 Feb 2023]
09-May-2023 15:11:36.125 INFO [main] org.apache.coyote.AbstractProtocol.init 프로토콜 핸들러 ["http-nio-8080"]을(를) 초기화합니다.
09-May-2023 15:11:36.137 SEVERE [main] org.apache.catalina.core.StandardService.initInternal Failed to initialize connector [Connector[HTTP/1.1-8080]]
	org.apache.catalina.LifecycleException: 프로토콜 핸들러 초기화가 실패했습니다.
		at org.apache.catalina.connector.Connector.initInternal(Connector.java:1075)
		at org.apache.catalina.util.LifecycleBase.init(LifecycleBase.java:136)
		at org.apache.catalina.core.StandardService.initInternal(StandardService.java:559)
		at org.apache.catalina.util.LifecycleBase.init(LifecycleBase.java:136)
		at org.apache.catalina.core.StandardServer.initInternal(StandardServer.java:857)
		at org.apache.catalina.util.LifecycleBase.init(LifecycleBase.java:136)
		at org.apache.catalina.startup.Catalina.load(Catalina.java:646)
		at org.apache.catalina.startup.Catalina.load(Catalina.java:669)
		at java.base/jdk.internal.reflect.NativeMethodAccessorImpl.invoke0(Native Method)
		at java.base/jdk.internal.reflect.NativeMethodAccessorImpl.invoke(NativeMethodAccessorImpl.java:77)
		at java.base/jdk.internal.reflect.DelegatingMethodAccessorImpl.invoke(DelegatingMethodAccessorImpl.java:43)
		at java.base/java.lang.reflect.Method.invoke(Method.java:568)
		at org.apache.catalina.startup.Bootstrap.load(Bootstrap.java:307)
		at org.apache.catalina.startup.Bootstrap.main(Bootstrap.java:477)
	Caused by: java.net.BindException: Address already in use: bind
		at java.base/sun.nio.ch.Net.bind0(Native Method)
		at java.base/sun.nio.ch.Net.bind(Net.java:555)
		at java.base/sun.nio.ch.ServerSocketChannelImpl.netBind(ServerSocketChannelImpl.java:337)
		at java.base/sun.nio.ch.ServerSocketChannelImpl.bind(ServerSocketChannelImpl.java:294)
		at java.base/sun.nio.ch.ServerSocketAdaptor.bind(ServerSocketAdaptor.java:89)
		at org.apache.tomcat.util.net.NioEndpoint.initServerSocket(NioEndpoint.java:226)
		at org.apache.tomcat.util.net.NioEndpoint.bind(NioEndpoint.java:202)
		at org.apache.tomcat.util.net.AbstractEndpoint.bindWithCleanup(AbstractEndpoint.java:1296)
		at org.apache.tomcat.util.net.AbstractEndpoint.init(AbstractEndpoint.java:1309)
		at org.apache.tomcat.util.net.AbstractJsseEndpoint.init(AbstractJsseEndpoint.java:231)
		at org.apache.coyote.AbstractProtocol.init(AbstractProtocol.java:693)
		at org.apache.coyote.http11.AbstractHttp11Protocol.init(AbstractHttp11Protocol.java:76)
		at org.apache.catalina.connector.Connector.initInternal(Connector.java:1073)
		... 13 more
09-May-2023 15:11:36.138 INFO [main] org.apache.catalina.startup.Catalina.load Initialization processed in 300 ms
09-May-2023 15:11:36.188 INFO [main] org.apache.catalina.core.StandardService.startInternal 서비스 [Catalina]을(를) 시작합니다.
09-May-2023 15:11:36.188 INFO [main] org.apache.catalina.core.StandardEngine.startInternal 서버 엔진을 시작합니다: [Apache Tomcat/8.5.88]
09-May-2023 15:11:36.195 INFO [localhost-startStop-1] org.apache.catalina.startup.HostConfig.deployDirectory 웹 애플리케이션 디렉토리 [C:\Users\Minkyu\Desktop\workspace\etc\apache-tomcat-8.5.88\webapps\docs]을(를) 배치합니다.
09-May-2023 15:11:36.422 INFO [localhost-startStop-1] org.apache.catalina.startup.HostConfig.deployDirectory 웹 애플리케이션 디렉토리 [C:\Users\Minkyu\Desktop\workspace\etc\apache-tomcat-8.5.88\webapps\docs]에 대한 배치가 [226] 밀리초에 완료되었습니다.
09-May-2023 15:11:36.423 INFO [localhost-startStop-1] org.apache.catalina.startup.HostConfig.deployDirectory 웹 애플리케이션 디렉토리 [C:\Users\Minkyu\Desktop\workspace\etc\apache-tomcat-8.5.88\webapps\examples]을(를) 배치합니다.
09-May-2023 15:11:36.660 INFO [localhost-startStop-1] org.apache.catalina.startup.HostConfig.deployDirectory 웹 애플리케이션 디렉토리 [C:\Users\Minkyu\Desktop\workspace\etc\apache-tomcat-8.5.88\webapps\examples]에 대한 배치가 [237] 밀리초에 완료되었습니다.
09-May-2023 15:11:36.660 INFO [localhost-startStop-1] org.apache.catalina.startup.HostConfig.deployDirectory 웹 애플리케이션 디렉토리 [C:\Users\Minkyu\Desktop\workspace\etc\apache-tomcat-8.5.88\webapps\host-manager]을(를) 배치합니다.
09-May-2023 15:11:36.685 INFO [localhost-startStop-1] org.apache.catalina.startup.HostConfig.deployDirectory 웹 애플리케이션 디렉토리 [C:\Users\Minkyu\Desktop\workspace\etc\apache-tomcat-8.5.88\webapps\host-manager]에 대한 배치가 [25] 밀리초에 완료되었습니다.
09-May-2023 15:11:36.685 INFO [localhost-startStop-1] org.apache.catalina.startup.HostConfig.deployDirectory 웹 애플리케이션 디렉토리 [C:\Users\Minkyu\Desktop\workspace\etc\apache-tomcat-8.5.88\webapps\manager]을(를) 배치합니다.
09-May-2023 15:11:36.711 INFO [localhost-startStop-1] org.apache.catalina.startup.HostConfig.deployDirectory 웹 애플리케이션 디렉토리 [C:\Users\Minkyu\Desktop\workspace\etc\apache-tomcat-8.5.88\webapps\manager]에 대한 배치가 [26] 밀리초에 완료되었습니다.
09-May-2023 15:11:36.711 INFO [localhost-startStop-1] org.apache.catalina.startup.HostConfig.deployDirectory 웹 애플리케이션 디렉토리 [C:\Users\Minkyu\Desktop\workspace\etc\apache-tomcat-8.5.88\webapps\ROOT]을(를) 배치합니다.
09-May-2023 15:11:36.727 INFO [localhost-startStop-1] org.apache.catalina.startup.HostConfig.deployDirectory 웹 애플리케이션 디렉토리 [C:\Users\Minkyu\Desktop\workspace\etc\apache-tomcat-8.5.88\webapps\ROOT]에 대한 배치가 [16] 밀리초에 완료되었습니다.
09-May-2023 15:11:36.729 INFO [main] org.apache.catalina.startup.Catalina.start Server startup in 591 ms
09-May-2023 15:11:36.734 SEVERE [main] org.apache.catalina.core.StandardServer.await 주소 [localhost]와(과) 포트 [8005]에, 서버 셧다운 소켓을 생성하지 못했습니다. (base 포트 [8005], offset [0])
	java.net.BindException: Address already in use: bind
		at java.base/sun.nio.ch.Net.bind0(Native Method)
		at java.base/sun.nio.ch.Net.bind(Net.java:555)
		at java.base/sun.nio.ch.Net.bind(Net.java:544)
		at java.base/sun.nio.ch.NioSocketImpl.bind(NioSocketImpl.java:643)
		at java.base/java.net.ServerSocket.bind(ServerSocket.java:388)
		at java.base/java.net.ServerSocket.<init>(ServerSocket.java:274)
		at org.apache.catalina.core.StandardServer.await(StandardServer.java:444)
		at org.apache.catalina.startup.Catalina.await(Catalina.java:783)
		at org.apache.catalina.startup.Catalina.start(Catalina.java:729)
		at java.base/jdk.internal.reflect.NativeMethodAccessorImpl.invoke0(Native Method)
		at java.base/jdk.internal.reflect.NativeMethodAccessorImpl.invoke(NativeMethodAccessorImpl.java:77)
		at java.base/jdk.internal.reflect.DelegatingMethodAccessorImpl.invoke(DelegatingMethodAccessorImpl.java:43)
		at java.base/java.lang.reflect.Method.invoke(Method.java:568)
		at org.apache.catalina.startup.Bootstrap.start(Bootstrap.java:347)
		at org.apache.catalina.startup.Bootstrap.main(Bootstrap.java:478)
09-May-2023 15:11:36.734 INFO [main] org.apache.coyote.AbstractProtocol.pause 프로토콜 핸들러 ["http-nio-8080"]을(를) 일시 정지 중
09-May-2023 15:11:36.735 INFO [main] org.apache.catalina.core.StandardService.stopInternal 서비스 [Catalina]을(를) 중지시킵니다.
09-May-2023 15:11:36.741 WARNING [localhost-startStop-1] org.apache.catalina.loader.WebappClassLoaderBase.clearReferencesObjectStreamClassCaches Java 9 또는 이후 버전을 사용할 때에는, "--add-opens=java.base/java.io=ALL-UNNAMED" 을(를) JVM 명령행 아규먼트들에 추가해서, ObjectStream 캐시 메모리 릭 방지 옵션을 활성화할 필요가 있습니다. 또는 원하시는 경우, ObjectStream 클래스 캐시 메모리 릭 방지 옵션을 비활성화해서 이 경고 메시지를 없앨 수도 있습니다.
09-May-2023 15:11:36.742 WARNING [localhost-startStop-1] org.apache.catalina.loader.WebappClassLoaderBase.checkThreadLocalsForLeaks Java 9 환경에서 실행할 때에는, ThreadLocal 메모리 누수 탐지를 위하여, "--add-opens=java.base/java.lang=ALL-UNNAMED"를 JVM 명령 행 아규먼트들에 추가해야 합니다. 또는, ThreadLocal 메모리 누수 탐지를 사용불능 상태로 설정함으로써, 이 경고 메시지를 없앨 수도 있습니다.
09-May-2023 15:11:36.743 WARNING [localhost-startStop-1] org.apache.catalina.loader.WebappClassLoaderBase.clearReferencesRmiTargets Java 9에서 실행하면서 RMI Target 메모리 누수 탐지를 사용 가능하게 하려면, "--add-opens=java.rmi/sun.rmi.transport=ALL-UNNAMED"를 JVM 명령 행 아규먼트에 추가해야 합니다. 또는, RMI Target 메모리 누수 탐지를 사용불능 상태로 설정함으로써, 이 경고를 없앨 수도 있습니다.
09-May-2023 15:11:36.748 WARNING [localhost-startStop-1] org.apache.catalina.loader.WebappClassLoaderBase.clearReferencesObjectStreamClassCaches Java 9 또는 이후 버전을 사용할 때에는, "--add-opens=java.base/java.io=ALL-UNNAMED" 을(를) JVM 명령행 아규먼트들에 추가해서, ObjectStream 캐시 메모리 릭 방지 옵션을 활성화할 필요가 있습니다. 또는 원하시는 경우, ObjectStream 클래스 캐시 메모리 릭 방지 옵션을 비활성화해서 이 경고 메시지를 없앨 수도 있습니다.
09-May-2023 15:11:36.748 WARNING [localhost-startStop-1] org.apache.catalina.loader.WebappClassLoaderBase.checkThreadLocalsForLeaks Java 9 환경에서 실행할 때에는, ThreadLocal 메모리 누수 탐지를 위하여, "--add-opens=java.base/java.lang=ALL-UNNAMED"를 JVM 명령 행 아규먼트들에 추가해야 합니다. 또는, ThreadLocal 메모리 누수 탐지를 사용불능 상태로 설정함으로써, 이 경고 메시지를 없앨 수도 있습니다.
09-May-2023 15:11:36.748 WARNING [localhost-startStop-1] org.apache.catalina.loader.WebappClassLoaderBase.clearReferencesRmiTargets Java 9에서 실행하면서 RMI Target 메모리 누수 탐지를 사용 가능하게 하려면, "--add-opens=java.rmi/sun.rmi.transport=ALL-UNNAMED"를 JVM 명령 행 아규먼트에 추가해야 합니다. 또는, RMI Target 메모리 누수 탐지를 사용불능 상태로 설정함으로써, 이 경고를 없앨 수도 있습니다.
09-May-2023 15:11:36.751 WARNING [localhost-startStop-1] org.apache.catalina.loader.WebappClassLoaderBase.clearReferencesObjectStreamClassCaches Java 9 또는 이후 버전을 사용할 때에는, "--add-opens=java.base/java.io=ALL-UNNAMED" 을(를) JVM 명령행 아규먼트들에 추가해서, ObjectStream 캐시 메모리 릭 방지 옵션을 활성화할 필요가 있습니다. 또는 원하시는 경우, ObjectStream 클래스 캐시 메모리 릭 방지 옵션을 비활성화해서 이 경고 메시지를 없앨 수도 있습니다.
09-May-2023 15:11:36.751 WARNING [localhost-startStop-1] org.apache.catalina.loader.WebappClassLoaderBase.checkThreadLocalsForLeaks Java 9 환경에서 실행할 때에는, ThreadLocal 메모리 누수 탐지를 위하여, "--add-opens=java.base/java.lang=ALL-UNNAMED"를 JVM 명령 행 아규먼트들에 추가해야 합니다. 또는, ThreadLocal 메모리 누수 탐지를 사용불능 상태로 설정함으로써, 이 경고 메시지를 없앨 수도 있습니다.
09-May-2023 15:11:36.751 WARNING [localhost-startStop-1] org.apache.catalina.loader.WebappClassLoaderBase.clearReferencesRmiTargets Java 9에서 실행하면서 RMI Target 메모리 누수 탐지를 사용 가능하게 하려면, "--add-opens=java.rmi/sun.rmi.transport=ALL-UNNAMED"를 JVM 명령 행 아규먼트에 추가해야 합니다. 또는, RMI Target 메모리 누수 탐지를 사용불능 상태로 설정함으로써, 이 경고를 없앨 수도 있습니다.
09-May-2023 15:11:36.753 WARNING [localhost-startStop-1] org.apache.catalina.loader.WebappClassLoaderBase.clearReferencesObjectStreamClassCaches Java 9 또는 이후 버전을 사용할 때에는, "--add-opens=java.base/java.io=ALL-UNNAMED" 을(를) JVM 명령행 아규먼트들에 추가해서, ObjectStream 캐시 메모리 릭 방지 옵션을 활성화할 필요가 있습니다. 또는 원하시는 경우, ObjectStream 클래스 캐시 메모리 릭 방지 옵션을 비활성화해서 이 경고 메시지를 없앨 수도 있습니다.
09-May-2023 15:11:36.753 WARNING [localhost-startStop-1] org.apache.catalina.loader.WebappClassLoaderBase.checkThreadLocalsForLeaks Java 9 환경에서 실행할 때에는, ThreadLocal 메모리 누수 탐지를 위하여, "--add-opens=java.base/java.lang=ALL-UNNAMED"를 JVM 명령 행 아규먼트들에 추가해야 합니다. 또는, ThreadLocal 메모리 누수 탐지를 사용불능 상태로 설정함으로써, 이 경고 메시지를 없앨 수도 있습니다.
09-May-2023 15:11:36.753 WARNING [localhost-startStop-1] org.apache.catalina.loader.WebappClassLoaderBase.clearReferencesRmiTargets Java 9에서 실행하면서 RMI Target 메모리 누수 탐지를 사용 가능하게 하려면, "--add-opens=java.rmi/sun.rmi.transport=ALL-UNNAMED"를 JVM 명령 행 아규먼트에 추가해야 합니다. 또는, RMI Target 메모리 누수 탐지를 사용불능 상태로 설정함으로써, 이 경고를 없앨 수도 있습니다.
09-May-2023 15:11:36.755 WARNING [localhost-startStop-1] org.apache.catalina.loader.WebappClassLoaderBase.clearReferencesObjectStreamClassCaches Java 9 또는 이후 버전을 사용할 때에는, "--add-opens=java.base/java.io=ALL-UNNAMED" 을(를) JVM 명령행 아규먼트들에 추가해서, ObjectStream 캐시 메모리 릭 방지 옵션을 활성화할 필요가 있습니다. 또는 원하시는 경우, ObjectStream 클래스 캐시 메모리 릭 방지 옵션을 비활성화해서 이 경고 메시지를 없앨 수도 있습니다.
09-May-2023 15:11:36.755 WARNING [localhost-startStop-1] org.apache.catalina.loader.WebappClassLoaderBase.checkThreadLocalsForLeaks Java 9 환경에서 실행할 때에는, ThreadLocal 메모리 누수 탐지를 위하여, "--add-opens=java.base/java.lang=ALL-UNNAMED"를 JVM 명령 행 아규먼트들에 추가해야 합니다. 또는, ThreadLocal 메모리 누수 탐지를 사용불능 상태로 설정함으로써, 이 경고 메시지를 없앨 수도 있습니다.
09-May-2023 15:11:36.755 WARNING [localhost-startStop-1] org.apache.catalina.loader.WebappClassLoaderBase.clearReferencesRmiTargets Java 9에서 실행하면서 RMI Target 메모리 누수 탐지를 사용 가능하게 하려면, "--add-opens=java.rmi/sun.rmi.transport=ALL-UNNAMED"를 JVM 명령 행 아규먼트에 추가해야 합니다. 또는, RMI Target 메모리 누수 탐지를 사용불능 상태로 설정함으로써, 이 경고를 없앨 수도 있습니다.
09-May-2023 15:11:36.756 INFO [main] org.apache.coyote.AbstractProtocol.stop 프로토콜 핸들러 ["http-nio-8080"]을(를) 중지시킵니다.
09-May-2023 15:11:36.757 INFO [main] org.apache.coyote.AbstractProtocol.destroy 프로토콜 핸들러 ["http-nio-8080"]을(를) 소멸시킵니다.
09-May-2023 15:12:16.122 INFO [main] org.apache.catalina.startup.VersionLoggerListener.log 서버 버전 이름:    Apache Tomcat/8.5.88
09-May-2023 15:12:16.124 INFO [main] org.apache.catalina.startup.VersionLoggerListener.log Server 빌드 시각:  Apr 14 2023 20:16:27 UTC
09-May-2023 15:12:16.125 INFO [main] org.apache.catalina.startup.VersionLoggerListener.log Server 버전 번호:  8.5.88.0
09-May-2023 15:12:16.125 INFO [main] org.apache.catalina.startup.VersionLoggerListener.log 운영체제 이름:     Windows 10
09-May-2023 15:12:16.125 INFO [main] org.apache.catalina.startup.VersionLoggerListener.log 운영체제 버전:     10.0
09-May-2023 15:12:16.125 INFO [main] org.apache.catalina.startup.VersionLoggerListener.log 아키텍처:          amd64
09-May-2023 15:12:16.125 INFO [main] org.apache.catalina.startup.VersionLoggerListener.log 자바 홈:           C:\Users\Minkyu\Desktop\workspace\etc\jdk-17.0.7
09-May-2023 15:12:16.129 INFO [main] org.apache.catalina.startup.VersionLoggerListener.log JVM 버전:          17.0.7+8-LTS-224
09-May-2023 15:12:16.129 INFO [main] org.apache.catalina.startup.VersionLoggerListener.log JVM 벤더:          Oracle Corporation
09-May-2023 15:12:16.129 INFO [main] org.apache.catalina.startup.VersionLoggerListener.log CATALINA_BASE:     C:\Users\Minkyu\Desktop\workspace\etc\apache-tomcat-8.5.88
09-May-2023 15:12:16.129 INFO [main] org.apache.catalina.startup.VersionLoggerListener.log CATALINA_HOME:     C:\Users\Minkyu\Desktop\workspace\etc\apache-tomcat-8.5.88
09-May-2023 15:12:16.130 INFO [main] org.apache.catalina.startup.VersionLoggerListener.log 명령 행 아규먼트:  -Djava.util.logging.config.file=c:\Users\Minkyu\Desktop\workspace\etc\apache-tomcat-8.5.88/conf/logging.properties
09-May-2023 15:12:16.130 INFO [main] org.apache.catalina.startup.VersionLoggerListener.log 명령 행 아규먼트:  -Djava.util.logging.manager=org.apache.juli.ClassLoaderLogManager
09-May-2023 15:12:16.130 INFO [main] org.apache.catalina.startup.VersionLoggerListener.log 명령 행 아규먼트:  -Djdk.tls.ephemeralDHKeySize=2048
09-May-2023 15:12:16.130 INFO [main] org.apache.catalina.startup.VersionLoggerListener.log 명령 행 아규먼트:  -Djava.protocol.handler.pkgs=org.apache.catalina.webresources
09-May-2023 15:12:16.131 INFO [main] org.apache.catalina.startup.VersionLoggerListener.log 명령 행 아규먼트:  -Dorg.apache.catalina.security.SecurityListener.UMASK=0027
09-May-2023 15:12:16.131 INFO [main] org.apache.catalina.startup.VersionLoggerListener.log 명령 행 아규먼트:  -Dcatalina.base=c:\Users\Minkyu\Desktop\workspace\etc\apache-tomcat-8.5.88
09-May-2023 15:12:16.131 INFO [main] org.apache.catalina.startup.VersionLoggerListener.log 명령 행 아규먼트:  -Dcatalina.home=c:\Users\Minkyu\Desktop\workspace\etc\apache-tomcat-8.5.88
09-May-2023 15:12:16.131 INFO [main] org.apache.catalina.startup.VersionLoggerListener.log 명령 행 아규먼트:  -Djava.io.tmpdir=c:\Users\Minkyu\Desktop\workspace\etc\apache-tomcat-8.5.88/temp
09-May-2023 15:12:16.131 INFO [main] org.apache.catalina.core.AprLifecycleListener.lifecycleEvent APR 버전 [1.7.2]을(를) 사용한, APR 기반 Apache Tomcat Native 라이브러리 [1.2.36]을(를) 로드했습니다.
09-May-2023 15:12:16.131 INFO [main] org.apache.catalina.core.AprLifecycleListener.lifecycleEvent APR 용량정보들: IPv6 [true], sendfile [true], accept filters [false], random [true], UDS [{4}].
09-May-2023 15:12:16.131 INFO [main] org.apache.catalina.core.AprLifecycleListener.lifecycleEvent APR/OpenSSL 설정: useAprConnector [false], useOpenSSL [true]
09-May-2023 15:12:16.135 INFO [main] org.apache.catalina.core.AprLifecycleListener.initializeSSL OpenSSL이 성공적으로 초기화되었습니다: [OpenSSL 1.1.1t  7 Feb 2023]
09-May-2023 15:12:16.160 INFO [main] org.apache.coyote.AbstractProtocol.init 프로토콜 핸들러 ["http-nio-8080"]을(를) 초기화합니다.
09-May-2023 15:12:16.172 SEVERE [main] org.apache.catalina.core.StandardService.initInternal Failed to initialize connector [Connector[HTTP/1.1-8080]]
	org.apache.catalina.LifecycleException: 프로토콜 핸들러 초기화가 실패했습니다.
		at org.apache.catalina.connector.Connector.initInternal(Connector.java:1075)
		at org.apache.catalina.util.LifecycleBase.init(LifecycleBase.java:136)
		at org.apache.catalina.core.StandardService.initInternal(StandardService.java:559)
		at org.apache.catalina.util.LifecycleBase.init(LifecycleBase.java:136)
		at org.apache.catalina.core.StandardServer.initInternal(StandardServer.java:857)
		at org.apache.catalina.util.LifecycleBase.init(LifecycleBase.java:136)
		at org.apache.catalina.startup.Catalina.load(Catalina.java:646)
		at org.apache.catalina.startup.Catalina.load(Catalina.java:669)
		at java.base/jdk.internal.reflect.NativeMethodAccessorImpl.invoke0(Native Method)
		at java.base/jdk.internal.reflect.NativeMethodAccessorImpl.invoke(NativeMethodAccessorImpl.java:77)
		at java.base/jdk.internal.reflect.DelegatingMethodAccessorImpl.invoke(DelegatingMethodAccessorImpl.java:43)
		at java.base/java.lang.reflect.Method.invoke(Method.java:568)
		at org.apache.catalina.startup.Bootstrap.load(Bootstrap.java:307)
		at org.apache.catalina.startup.Bootstrap.main(Bootstrap.java:477)
	Caused by: java.net.BindException: Address already in use: bind
		at java.base/sun.nio.ch.Net.bind0(Native Method)
		at java.base/sun.nio.ch.Net.bind(Net.java:555)
		at java.base/sun.nio.ch.ServerSocketChannelImpl.netBind(ServerSocketChannelImpl.java:337)
		at java.base/sun.nio.ch.ServerSocketChannelImpl.bind(ServerSocketChannelImpl.java:294)
		at java.base/sun.nio.ch.ServerSocketAdaptor.bind(ServerSocketAdaptor.java:89)
		at org.apache.tomcat.util.net.NioEndpoint.initServerSocket(NioEndpoint.java:226)
		at org.apache.tomcat.util.net.NioEndpoint.bind(NioEndpoint.java:202)
		at org.apache.tomcat.util.net.AbstractEndpoint.bindWithCleanup(AbstractEndpoint.java:1296)
		at org.apache.tomcat.util.net.AbstractEndpoint.init(AbstractEndpoint.java:1309)
		at org.apache.tomcat.util.net.AbstractJsseEndpoint.init(AbstractJsseEndpoint.java:231)
		at org.apache.coyote.AbstractProtocol.init(AbstractProtocol.java:693)
		at org.apache.coyote.http11.AbstractHttp11Protocol.init(AbstractHttp11Protocol.java:76)
		at org.apache.catalina.connector.Connector.initInternal(Connector.java:1073)
		... 13 more
09-May-2023 15:12:16.173 INFO [main] org.apache.catalina.startup.Catalina.load Initialization processed in 294 ms
09-May-2023 15:12:16.205 INFO [main] org.apache.catalina.core.StandardService.startInternal 서비스 [Catalina]을(를) 시작합니다.
09-May-2023 15:12:16.205 INFO [main] org.apache.catalina.core.StandardEngine.startInternal 서버 엔진을 시작합니다: [Apache Tomcat/8.5.88]
09-May-2023 15:12:16.211 INFO [localhost-startStop-1] org.apache.catalina.startup.HostConfig.deployDirectory 웹 애플리케이션 디렉토리 [C:\Users\Minkyu\Desktop\workspace\etc\apache-tomcat-8.5.88\webapps\docs]을(를) 배치합니다.
09-May-2023 15:12:16.442 INFO [localhost-startStop-1] org.apache.catalina.startup.HostConfig.deployDirectory 웹 애플리케이션 디렉토리 [C:\Users\Minkyu\Desktop\workspace\etc\apache-tomcat-8.5.88\webapps\docs]에 대한 배치가 [230] 밀리초에 완료되었습니다.
09-May-2023 15:12:16.443 INFO [localhost-startStop-1] org.apache.catalina.startup.HostConfig.deployDirectory 웹 애플리케이션 디렉토리 [C:\Users\Minkyu\Desktop\workspace\etc\apache-tomcat-8.5.88\webapps\examples]을(를) 배치합니다.
09-May-2023 15:12:16.678 INFO [localhost-startStop-1] org.apache.catalina.startup.HostConfig.deployDirectory 웹 애플리케이션 디렉토리 [C:\Users\Minkyu\Desktop\workspace\etc\apache-tomcat-8.5.88\webapps\examples]에 대한 배치가 [236] 밀리초에 완료되었습니다.
09-May-2023 15:12:16.679 INFO [localhost-startStop-1] org.apache.catalina.startup.HostConfig.deployDirectory 웹 애플리케이션 디렉토리 [C:\Users\Minkyu\Desktop\workspace\etc\apache-tomcat-8.5.88\webapps\host-manager]을(를) 배치합니다.
09-May-2023 15:12:16.703 INFO [localhost-startStop-1] org.apache.catalina.startup.HostConfig.deployDirectory 웹 애플리케이션 디렉토리 [C:\Users\Minkyu\Desktop\workspace\etc\apache-tomcat-8.5.88\webapps\host-manager]에 대한 배치가 [24] 밀리초에 완료되었습니다.
09-May-2023 15:12:16.703 INFO [localhost-startStop-1] org.apache.catalina.startup.HostConfig.deployDirectory 웹 애플리케이션 디렉토리 [C:\Users\Minkyu\Desktop\workspace\etc\apache-tomcat-8.5.88\webapps\manager]을(를) 배치합니다.
09-May-2023 15:12:16.728 INFO [localhost-startStop-1] org.apache.catalina.startup.HostConfig.deployDirectory 웹 애플리케이션 디렉토리 [C:\Users\Minkyu\Desktop\workspace\etc\apache-tomcat-8.5.88\webapps\manager]에 대한 배치가 [25] 밀리초에 완료되었습니다.
09-May-2023 15:12:16.729 INFO [localhost-startStop-1] org.apache.catalina.startup.HostConfig.deployDirectory 웹 애플리케이션 디렉토리 [C:\Users\Minkyu\Desktop\workspace\etc\apache-tomcat-8.5.88\webapps\ROOT]을(를) 배치합니다.
09-May-2023 15:12:16.744 INFO [localhost-startStop-1] org.apache.catalina.startup.HostConfig.deployDirectory 웹 애플리케이션 디렉토리 [C:\Users\Minkyu\Desktop\workspace\etc\apache-tomcat-8.5.88\webapps\ROOT]에 대한 배치가 [16] 밀리초에 완료되었습니다.
09-May-2023 15:12:16.745 INFO [main] org.apache.catalina.startup.Catalina.start Server startup in 572 ms
09-May-2023 15:12:16.750 SEVERE [main] org.apache.catalina.core.StandardServer.await 주소 [localhost]와(과) 포트 [8005]에, 서버 셧다운 소켓을 생성하지 못했습니다. (base 포트 [8005], offset [0])
	java.net.BindException: Address already in use: bind
		at java.base/sun.nio.ch.Net.bind0(Native Method)
		at java.base/sun.nio.ch.Net.bind(Net.java:555)
		at java.base/sun.nio.ch.Net.bind(Net.java:544)
		at java.base/sun.nio.ch.NioSocketImpl.bind(NioSocketImpl.java:643)
		at java.base/java.net.ServerSocket.bind(ServerSocket.java:388)
		at java.base/java.net.ServerSocket.<init>(ServerSocket.java:274)
		at org.apache.catalina.core.StandardServer.await(StandardServer.java:444)
		at org.apache.catalina.startup.Catalina.await(Catalina.java:783)
		at org.apache.catalina.startup.Catalina.start(Catalina.java:729)
		at java.base/jdk.internal.reflect.NativeMethodAccessorImpl.invoke0(Native Method)
		at java.base/jdk.internal.reflect.NativeMethodAccessorImpl.invoke(NativeMethodAccessorImpl.java:77)
		at java.base/jdk.internal.reflect.DelegatingMethodAccessorImpl.invoke(DelegatingMethodAccessorImpl.java:43)
		at java.base/java.lang.reflect.Method.invoke(Method.java:568)
		at org.apache.catalina.startup.Bootstrap.start(Bootstrap.java:347)
		at org.apache.catalina.startup.Bootstrap.main(Bootstrap.java:478)
09-May-2023 15:12:16.751 INFO [main] org.apache.coyote.AbstractProtocol.pause 프로토콜 핸들러 ["http-nio-8080"]을(를) 일시 정지 중
09-May-2023 15:12:16.751 INFO [main] org.apache.catalina.core.StandardService.stopInternal 서비스 [Catalina]을(를) 중지시킵니다.
09-May-2023 15:12:16.755 WARNING [localhost-startStop-1] org.apache.catalina.loader.WebappClassLoaderBase.clearReferencesObjectStreamClassCaches Java 9 또는 이후 버전을 사용할 때에는, "--add-opens=java.base/java.io=ALL-UNNAMED" 을(를) JVM 명령행 아규먼트들에 추가해서, ObjectStream 캐시 메모리 릭 방지 옵션을 활성화할 필요가 있습니다. 또는 원하시는 경우, ObjectStream 클래스 캐시 메모리 릭 방지 옵션을 비활성화해서 이 경고 메시지를 없앨 수도 있습니다.
09-May-2023 15:12:16.755 WARNING [localhost-startStop-1] org.apache.catalina.loader.WebappClassLoaderBase.checkThreadLocalsForLeaks Java 9 환경에서 실행할 때에는, ThreadLocal 메모리 누수 탐지를 위하여, "--add-opens=java.base/java.lang=ALL-UNNAMED"를 JVM 명령 행 아규먼트들에 추가해야 합니다. 또는, ThreadLocal 메모리 누수 탐지를 사용불능 상태로 설정함으로써, 이 경고 메시지를 없앨 수도 있습니다.
09-May-2023 15:12:16.756 WARNING [localhost-startStop-1] org.apache.catalina.loader.WebappClassLoaderBase.clearReferencesRmiTargets Java 9에서 실행하면서 RMI Target 메모리 누수 탐지를 사용 가능하게 하려면, "--add-opens=java.rmi/sun.rmi.transport=ALL-UNNAMED"를 JVM 명령 행 아규먼트에 추가해야 합니다. 또는, RMI Target 메모리 누수 탐지를 사용불능 상태로 설정함으로써, 이 경고를 없앨 수도 있습니다.
09-May-2023 15:12:16.761 WARNING [localhost-startStop-1] org.apache.catalina.loader.WebappClassLoaderBase.clearReferencesObjectStreamClassCaches Java 9 또는 이후 버전을 사용할 때에는, "--add-opens=java.base/java.io=ALL-UNNAMED" 을(를) JVM 명령행 아규먼트들에 추가해서, ObjectStream 캐시 메모리 릭 방지 옵션을 활성화할 필요가 있습니다. 또는 원하시는 경우, ObjectStream 클래스 캐시 메모리 릭 방지 옵션을 비활성화해서 이 경고 메시지를 없앨 수도 있습니다.
09-May-2023 15:12:16.761 WARNING [localhost-startStop-1] org.apache.catalina.loader.WebappClassLoaderBase.checkThreadLocalsForLeaks Java 9 환경에서 실행할 때에는, ThreadLocal 메모리 누수 탐지를 위하여, "--add-opens=java.base/java.lang=ALL-UNNAMED"를 JVM 명령 행 아규먼트들에 추가해야 합니다. 또는, ThreadLocal 메모리 누수 탐지를 사용불능 상태로 설정함으로써, 이 경고 메시지를 없앨 수도 있습니다.
09-May-2023 15:12:16.761 WARNING [localhost-startStop-1] org.apache.catalina.loader.WebappClassLoaderBase.clearReferencesRmiTargets Java 9에서 실행하면서 RMI Target 메모리 누수 탐지를 사용 가능하게 하려면, "--add-opens=java.rmi/sun.rmi.transport=ALL-UNNAMED"를 JVM 명령 행 아규먼트에 추가해야 합니다. 또는, RMI Target 메모리 누수 탐지를 사용불능 상태로 설정함으로써, 이 경고를 없앨 수도 있습니다.
09-May-2023 15:12:16.763 WARNING [localhost-startStop-1] org.apache.catalina.loader.WebappClassLoaderBase.clearReferencesObjectStreamClassCaches Java 9 또는 이후 버전을 사용할 때에는, "--add-opens=java.base/java.io=ALL-UNNAMED" 을(를) JVM 명령행 아규먼트들에 추가해서, ObjectStream 캐시 메모리 릭 방지 옵션을 활성화할 필요가 있습니다. 또는 원하시는 경우, ObjectStream 클래스 캐시 메모리 릭 방지 옵션을 비활성화해서 이 경고 메시지를 없앨 수도 있습니다.
09-May-2023 15:12:16.764 WARNING [localhost-startStop-1] org.apache.catalina.loader.WebappClassLoaderBase.checkThreadLocalsForLeaks Java 9 환경에서 실행할 때에는, ThreadLocal 메모리 누수 탐지를 위하여, "--add-opens=java.base/java.lang=ALL-UNNAMED"를 JVM 명령 행 아규먼트들에 추가해야 합니다. 또는, ThreadLocal 메모리 누수 탐지를 사용불능 상태로 설정함으로써, 이 경고 메시지를 없앨 수도 있습니다.
09-May-2023 15:12:16.764 WARNING [localhost-startStop-1] org.apache.catalina.loader.WebappClassLoaderBase.clearReferencesRmiTargets Java 9에서 실행하면서 RMI Target 메모리 누수 탐지를 사용 가능하게 하려면, "--add-opens=java.rmi/sun.rmi.transport=ALL-UNNAMED"를 JVM 명령 행 아규먼트에 추가해야 합니다. 또는, RMI Target 메모리 누수 탐지를 사용불능 상태로 설정함으로써, 이 경고를 없앨 수도 있습니다.
09-May-2023 15:12:16.766 WARNING [localhost-startStop-1] org.apache.catalina.loader.WebappClassLoaderBase.clearReferencesObjectStreamClassCaches Java 9 또는 이후 버전을 사용할 때에는, "--add-opens=java.base/java.io=ALL-UNNAMED" 을(를) JVM 명령행 아규먼트들에 추가해서, ObjectStream 캐시 메모리 릭 방지 옵션을 활성화할 필요가 있습니다. 또는 원하시는 경우, ObjectStream 클래스 캐시 메모리 릭 방지 옵션을 비활성화해서 이 경고 메시지를 없앨 수도 있습니다.
09-May-2023 15:12:16.766 WARNING [localhost-startStop-1] org.apache.catalina.loader.WebappClassLoaderBase.checkThreadLocalsForLeaks Java 9 환경에서 실행할 때에는, ThreadLocal 메모리 누수 탐지를 위하여, "--add-opens=java.base/java.lang=ALL-UNNAMED"를 JVM 명령 행 아규먼트들에 추가해야 합니다. 또는, ThreadLocal 메모리 누수 탐지를 사용불능 상태로 설정함으로써, 이 경고 메시지를 없앨 수도 있습니다.
09-May-2023 15:12:16.766 WARNING [localhost-startStop-1] org.apache.catalina.loader.WebappClassLoaderBase.clearReferencesRmiTargets Java 9에서 실행하면서 RMI Target 메모리 누수 탐지를 사용 가능하게 하려면, "--add-opens=java.rmi/sun.rmi.transport=ALL-UNNAMED"를 JVM 명령 행 아규먼트에 추가해야 합니다. 또는, RMI Target 메모리 누수 탐지를 사용불능 상태로 설정함으로써, 이 경고를 없앨 수도 있습니다.
09-May-2023 15:12:16.768 WARNING [localhost-startStop-1] org.apache.catalina.loader.WebappClassLoaderBase.clearReferencesObjectStreamClassCaches Java 9 또는 이후 버전을 사용할 때에는, "--add-opens=java.base/java.io=ALL-UNNAMED" 을(를) JVM 명령행 아규먼트들에 추가해서, ObjectStream 캐시 메모리 릭 방지 옵션을 활성화할 필요가 있습니다. 또는 원하시는 경우, ObjectStream 클래스 캐시 메모리 릭 방지 옵션을 비활성화해서 이 경고 메시지를 없앨 수도 있습니다.
09-May-2023 15:12:16.768 WARNING [localhost-startStop-1] org.apache.catalina.loader.WebappClassLoaderBase.checkThreadLocalsForLeaks Java 9 환경에서 실행할 때에는, ThreadLocal 메모리 누수 탐지를 위하여, "--add-opens=java.base/java.lang=ALL-UNNAMED"를 JVM 명령 행 아규먼트들에 추가해야 합니다. 또는, ThreadLocal 메모리 누수 탐지를 사용불능 상태로 설정함으로써, 이 경고 메시지를 없앨 수도 있습니다.
09-May-2023 15:12:16.768 WARNING [localhost-startStop-1] org.apache.catalina.loader.WebappClassLoaderBase.clearReferencesRmiTargets Java 9에서 실행하면서 RMI Target 메모리 누수 탐지를 사용 가능하게 하려면, "--add-opens=java.rmi/sun.rmi.transport=ALL-UNNAMED"를 JVM 명령 행 아규먼트에 추가해야 합니다. 또는, RMI Target 메모리 누수 탐지를 사용불능 상태로 설정함으로써, 이 경고를 없앨 수도 있습니다.
09-May-2023 15:12:16.769 INFO [main] org.apache.coyote.AbstractProtocol.stop 프로토콜 핸들러 ["http-nio-8080"]을(를) 중지시킵니다.
09-May-2023 15:12:16.770 INFO [main] org.apache.coyote.AbstractProtocol.destroy 프로토콜 핸들러 ["http-nio-8080"]을(를) 소멸시킵니다.
09-May-2023 15:12:23.226 INFO [main] org.apache.catalina.startup.VersionLoggerListener.log 서버 버전 이름:    Apache Tomcat/8.5.88
09-May-2023 15:12:23.229 INFO [main] org.apache.catalina.startup.VersionLoggerListener.log Server 빌드 시각:  Apr 14 2023 20:16:27 UTC
09-May-2023 15:12:23.229 INFO [main] org.apache.catalina.startup.VersionLoggerListener.log Server 버전 번호:  8.5.88.0
09-May-2023 15:12:23.229 INFO [main] org.apache.catalina.startup.VersionLoggerListener.log 운영체제 이름:     Windows 10
09-May-2023 15:12:23.233 INFO [main] org.apache.catalina.startup.VersionLoggerListener.log 운영체제 버전:     10.0
09-May-2023 15:12:23.233 INFO [main] org.apache.catalina.startup.VersionLoggerListener.log 아키텍처:          amd64
09-May-2023 15:12:23.233 INFO [main] org.apache.catalina.startup.VersionLoggerListener.log 자바 홈:           C:\Users\Minkyu\Desktop\workspace\etc\jdk-17.0.7
09-May-2023 15:12:23.233 INFO [main] org.apache.catalina.startup.VersionLoggerListener.log JVM 버전:          17.0.7+8-LTS-224
09-May-2023 15:12:23.233 INFO [main] org.apache.catalina.startup.VersionLoggerListener.log JVM 벤더:          Oracle Corporation
09-May-2023 15:12:23.233 INFO [main] org.apache.catalina.startup.VersionLoggerListener.log CATALINA_BASE:     C:\Users\Minkyu\Desktop\workspace\etc\apache-tomcat-8.5.88
09-May-2023 15:12:23.233 INFO [main] org.apache.catalina.startup.VersionLoggerListener.log CATALINA_HOME:     C:\Users\Minkyu\Desktop\workspace\etc\apache-tomcat-8.5.88
09-May-2023 15:12:23.234 INFO [main] org.apache.catalina.startup.VersionLoggerListener.log 명령 행 아규먼트:  -Djava.util.logging.config.file=c:\Users\Minkyu\Desktop\workspace\etc\apache-tomcat-8.5.88/conf/logging.properties
09-May-2023 15:12:23.234 INFO [main] org.apache.catalina.startup.VersionLoggerListener.log 명령 행 아규먼트:  -Djava.util.logging.manager=org.apache.juli.ClassLoaderLogManager
09-May-2023 15:12:23.234 INFO [main] org.apache.catalina.startup.VersionLoggerListener.log 명령 행 아규먼트:  -Djdk.tls.ephemeralDHKeySize=2048
09-May-2023 15:12:23.234 INFO [main] org.apache.catalina.startup.VersionLoggerListener.log 명령 행 아규먼트:  -Djava.protocol.handler.pkgs=org.apache.catalina.webresources
09-May-2023 15:12:23.234 INFO [main] org.apache.catalina.startup.VersionLoggerListener.log 명령 행 아규먼트:  -Dorg.apache.catalina.security.SecurityListener.UMASK=0027
09-May-2023 15:12:23.234 INFO [main] org.apache.catalina.startup.VersionLoggerListener.log 명령 행 아규먼트:  -Dcatalina.base=c:\Users\Minkyu\Desktop\workspace\etc\apache-tomcat-8.5.88
09-May-2023 15:12:23.235 INFO [main] org.apache.catalina.startup.VersionLoggerListener.log 명령 행 아규먼트:  -Dcatalina.home=c:\Users\Minkyu\Desktop\workspace\etc\apache-tomcat-8.5.88
09-May-2023 15:12:23.235 INFO [main] org.apache.catalina.startup.VersionLoggerListener.log 명령 행 아규먼트:  -Djava.io.tmpdir=c:\Users\Minkyu\Desktop\workspace\etc\apache-tomcat-8.5.88/temp
09-May-2023 15:12:23.235 INFO [main] org.apache.catalina.core.AprLifecycleListener.lifecycleEvent APR 버전 [1.7.2]을(를) 사용한, APR 기반 Apache Tomcat Native 라이브러리 [1.2.36]을(를) 로드했습니다.
09-May-2023 15:12:23.235 INFO [main] org.apache.catalina.core.AprLifecycleListener.lifecycleEvent APR 용량정보들: IPv6 [true], sendfile [true], accept filters [false], random [true], UDS [{4}].
09-May-2023 15:12:23.235 INFO [main] org.apache.catalina.core.AprLifecycleListener.lifecycleEvent APR/OpenSSL 설정: useAprConnector [false], useOpenSSL [true]
09-May-2023 15:12:23.238 INFO [main] org.apache.catalina.core.AprLifecycleListener.initializeSSL OpenSSL이 성공적으로 초기화되었습니다: [OpenSSL 1.1.1t  7 Feb 2023]
09-May-2023 15:12:23.264 INFO [main] org.apache.coyote.AbstractProtocol.init 프로토콜 핸들러 ["http-nio-8080"]을(를) 초기화합니다.
09-May-2023 15:12:23.277 SEVERE [main] org.apache.catalina.core.StandardService.initInternal Failed to initialize connector [Connector[HTTP/1.1-8080]]
	org.apache.catalina.LifecycleException: 프로토콜 핸들러 초기화가 실패했습니다.
		at org.apache.catalina.connector.Connector.initInternal(Connector.java:1075)
		at org.apache.catalina.util.LifecycleBase.init(LifecycleBase.java:136)
		at org.apache.catalina.core.StandardService.initInternal(StandardService.java:559)
		at org.apache.catalina.util.LifecycleBase.init(LifecycleBase.java:136)
		at org.apache.catalina.core.StandardServer.initInternal(StandardServer.java:857)
		at org.apache.catalina.util.LifecycleBase.init(LifecycleBase.java:136)
		at org.apache.catalina.startup.Catalina.load(Catalina.java:646)
		at org.apache.catalina.startup.Catalina.load(Catalina.java:669)
		at java.base/jdk.internal.reflect.NativeMethodAccessorImpl.invoke0(Native Method)
		at java.base/jdk.internal.reflect.NativeMethodAccessorImpl.invoke(NativeMethodAccessorImpl.java:77)
		at java.base/jdk.internal.reflect.DelegatingMethodAccessorImpl.invoke(DelegatingMethodAccessorImpl.java:43)
		at java.base/java.lang.reflect.Method.invoke(Method.java:568)
		at org.apache.catalina.startup.Bootstrap.load(Bootstrap.java:307)
		at org.apache.catalina.startup.Bootstrap.main(Bootstrap.java:477)
	Caused by: java.net.BindException: Address already in use: bind
		at java.base/sun.nio.ch.Net.bind0(Native Method)
		at java.base/sun.nio.ch.Net.bind(Net.java:555)
		at java.base/sun.nio.ch.ServerSocketChannelImpl.netBind(ServerSocketChannelImpl.java:337)
		at java.base/sun.nio.ch.ServerSocketChannelImpl.bind(ServerSocketChannelImpl.java:294)
		at java.base/sun.nio.ch.ServerSocketAdaptor.bind(ServerSocketAdaptor.java:89)
		at org.apache.tomcat.util.net.NioEndpoint.initServerSocket(NioEndpoint.java:226)
		at org.apache.tomcat.util.net.NioEndpoint.bind(NioEndpoint.java:202)
		at org.apache.tomcat.util.net.AbstractEndpoint.bindWithCleanup(AbstractEndpoint.java:1296)
		at org.apache.tomcat.util.net.AbstractEndpoint.init(AbstractEndpoint.java:1309)
		at org.apache.tomcat.util.net.AbstractJsseEndpoint.init(AbstractJsseEndpoint.java:231)
		at org.apache.coyote.AbstractProtocol.init(AbstractProtocol.java:693)
		at org.apache.coyote.http11.AbstractHttp11Protocol.init(AbstractHttp11Protocol.java:76)
		at org.apache.catalina.connector.Connector.initInternal(Connector.java:1073)
		... 13 more
09-May-2023 15:12:23.278 INFO [main] org.apache.catalina.startup.Catalina.load Initialization processed in 297 ms
09-May-2023 15:12:23.312 INFO [main] org.apache.catalina.core.StandardService.startInternal 서비스 [Catalina]을(를) 시작합니다.
09-May-2023 15:12:23.312 INFO [main] org.apache.catalina.core.StandardEngine.startInternal 서버 엔진을 시작합니다: [Apache Tomcat/8.5.88]
09-May-2023 15:12:23.318 INFO [localhost-startStop-1] org.apache.catalina.startup.HostConfig.deployDirectory 웹 애플리케이션 디렉토리 [C:\Users\Minkyu\Desktop\workspace\etc\apache-tomcat-8.5.88\webapps\docs]을(를) 배치합니다.
09-May-2023 15:12:23.545 INFO [localhost-startStop-1] org.apache.catalina.startup.HostConfig.deployDirectory 웹 애플리케이션 디렉토리 [C:\Users\Minkyu\Desktop\workspace\etc\apache-tomcat-8.5.88\webapps\docs]에 대한 배치가 [224] 밀리초에 완료되었습니다.
09-May-2023 15:12:23.546 INFO [localhost-startStop-1] org.apache.catalina.startup.HostConfig.deployDirectory 웹 애플리케이션 디렉토리 [C:\Users\Minkyu\Desktop\workspace\etc\apache-tomcat-8.5.88\webapps\examples]을(를) 배치합니다.
09-May-2023 15:12:23.780 INFO [localhost-startStop-1] org.apache.catalina.startup.HostConfig.deployDirectory 웹 애플리케이션 디렉토리 [C:\Users\Minkyu\Desktop\workspace\etc\apache-tomcat-8.5.88\webapps\examples]에 대한 배치가 [234] 밀리초에 완료되었습니다.
09-May-2023 15:12:23.780 INFO [localhost-startStop-1] org.apache.catalina.startup.HostConfig.deployDirectory 웹 애플리케이션 디렉토리 [C:\Users\Minkyu\Desktop\workspace\etc\apache-tomcat-8.5.88\webapps\host-manager]을(를) 배치합니다.
09-May-2023 15:12:23.807 INFO [localhost-startStop-1] org.apache.catalina.startup.HostConfig.deployDirectory 웹 애플리케이션 디렉토리 [C:\Users\Minkyu\Desktop\workspace\etc\apache-tomcat-8.5.88\webapps\host-manager]에 대한 배치가 [27] 밀리초에 완료되었습니다.
09-May-2023 15:12:23.807 INFO [localhost-startStop-1] org.apache.catalina.startup.HostConfig.deployDirectory 웹 애플리케이션 디렉토리 [C:\Users\Minkyu\Desktop\workspace\etc\apache-tomcat-8.5.88\webapps\manager]을(를) 배치합니다.
09-May-2023 15:12:23.833 INFO [localhost-startStop-1] org.apache.catalina.startup.HostConfig.deployDirectory 웹 애플리케이션 디렉토리 [C:\Users\Minkyu\Desktop\workspace\etc\apache-tomcat-8.5.88\webapps\manager]에 대한 배치가 [26] 밀리초에 완료되었습니다.
09-May-2023 15:12:23.834 INFO [localhost-startStop-1] org.apache.catalina.startup.HostConfig.deployDirectory 웹 애플리케이션 디렉토리 [C:\Users\Minkyu\Desktop\workspace\etc\apache-tomcat-8.5.88\webapps\ROOT]을(를) 배치합니다.
09-May-2023 15:12:23.852 INFO [localhost-startStop-1] org.apache.catalina.startup.HostConfig.deployDirectory 웹 애플리케이션 디렉토리 [C:\Users\Minkyu\Desktop\workspace\etc\apache-tomcat-8.5.88\webapps\ROOT]에 대한 배치가 [19] 밀리초에 완료되었습니다.
09-May-2023 15:12:23.854 INFO [main] org.apache.catalina.startup.Catalina.start Server startup in 575 ms
09-May-2023 15:12:23.858 SEVERE [main] org.apache.catalina.core.StandardServer.await 주소 [localhost]와(과) 포트 [8005]에, 서버 셧다운 소켓을 생성하지 못했습니다. (base 포트 [8005], offset [0])
	java.net.BindException: Address already in use: bind
		at java.base/sun.nio.ch.Net.bind0(Native Method)
		at java.base/sun.nio.ch.Net.bind(Net.java:555)
		at java.base/sun.nio.ch.Net.bind(Net.java:544)
		at java.base/sun.nio.ch.NioSocketImpl.bind(NioSocketImpl.java:643)
		at java.base/java.net.ServerSocket.bind(ServerSocket.java:388)
		at java.base/java.net.ServerSocket.<init>(ServerSocket.java:274)
		at org.apache.catalina.core.StandardServer.await(StandardServer.java:444)
		at org.apache.catalina.startup.Catalina.await(Catalina.java:783)
		at org.apache.catalina.startup.Catalina.start(Catalina.java:729)
		at java.base/jdk.internal.reflect.NativeMethodAccessorImpl.invoke0(Native Method)
		at java.base/jdk.internal.reflect.NativeMethodAccessorImpl.invoke(NativeMethodAccessorImpl.java:77)
		at java.base/jdk.internal.reflect.DelegatingMethodAccessorImpl.invoke(DelegatingMethodAccessorImpl.java:43)
		at java.base/java.lang.reflect.Method.invoke(Method.java:568)
		at org.apache.catalina.startup.Bootstrap.start(Bootstrap.java:347)
		at org.apache.catalina.startup.Bootstrap.main(Bootstrap.java:478)
09-May-2023 15:12:23.859 INFO [main] org.apache.coyote.AbstractProtocol.pause 프로토콜 핸들러 ["http-nio-8080"]을(를) 일시 정지 중
09-May-2023 15:12:23.859 INFO [main] org.apache.catalina.core.StandardService.stopInternal 서비스 [Catalina]을(를) 중지시킵니다.
09-May-2023 15:12:23.864 WARNING [localhost-startStop-1] org.apache.catalina.loader.WebappClassLoaderBase.clearReferencesObjectStreamClassCaches Java 9 또는 이후 버전을 사용할 때에는, "--add-opens=java.base/java.io=ALL-UNNAMED" 을(를) JVM 명령행 아규먼트들에 추가해서, ObjectStream 캐시 메모리 릭 방지 옵션을 활성화할 필요가 있습니다. 또는 원하시는 경우, ObjectStream 클래스 캐시 메모리 릭 방지 옵션을 비활성화해서 이 경고 메시지를 없앨 수도 있습니다.
09-May-2023 15:12:23.865 WARNING [localhost-startStop-1] org.apache.catalina.loader.WebappClassLoaderBase.checkThreadLocalsForLeaks Java 9 환경에서 실행할 때에는, ThreadLocal 메모리 누수 탐지를 위하여, "--add-opens=java.base/java.lang=ALL-UNNAMED"를 JVM 명령 행 아규먼트들에 추가해야 합니다. 또는, ThreadLocal 메모리 누수 탐지를 사용불능 상태로 설정함으로써, 이 경고 메시지를 없앨 수도 있습니다.
09-May-2023 15:12:23.866 WARNING [localhost-startStop-1] org.apache.catalina.loader.WebappClassLoaderBase.clearReferencesRmiTargets Java 9에서 실행하면서 RMI Target 메모리 누수 탐지를 사용 가능하게 하려면, "--add-opens=java.rmi/sun.rmi.transport=ALL-UNNAMED"를 JVM 명령 행 아규먼트에 추가해야 합니다. 또는, RMI Target 메모리 누수 탐지를 사용불능 상태로 설정함으로써, 이 경고를 없앨 수도 있습니다.
09-May-2023 15:12:23.870 WARNING [localhost-startStop-1] org.apache.catalina.loader.WebappClassLoaderBase.clearReferencesObjectStreamClassCaches Java 9 또는 이후 버전을 사용할 때에는, "--add-opens=java.base/java.io=ALL-UNNAMED" 을(를) JVM 명령행 아규먼트들에 추가해서, ObjectStream 캐시 메모리 릭 방지 옵션을 활성화할 필요가 있습니다. 또는 원하시는 경우, ObjectStream 클래스 캐시 메모리 릭 방지 옵션을 비활성화해서 이 경고 메시지를 없앨 수도 있습니다.
09-May-2023 15:12:23.870 WARNING [localhost-startStop-1] org.apache.catalina.loader.WebappClassLoaderBase.checkThreadLocalsForLeaks Java 9 환경에서 실행할 때에는, ThreadLocal 메모리 누수 탐지를 위하여, "--add-opens=java.base/java.lang=ALL-UNNAMED"를 JVM 명령 행 아규먼트들에 추가해야 합니다. 또는, ThreadLocal 메모리 누수 탐지를 사용불능 상태로 설정함으로써, 이 경고 메시지를 없앨 수도 있습니다.
09-May-2023 15:12:23.870 WARNING [localhost-startStop-1] org.apache.catalina.loader.WebappClassLoaderBase.clearReferencesRmiTargets Java 9에서 실행하면서 RMI Target 메모리 누수 탐지를 사용 가능하게 하려면, "--add-opens=java.rmi/sun.rmi.transport=ALL-UNNAMED"를 JVM 명령 행 아규먼트에 추가해야 합니다. 또는, RMI Target 메모리 누수 탐지를 사용불능 상태로 설정함으로써, 이 경고를 없앨 수도 있습니다.
09-May-2023 15:12:23.872 WARNING [localhost-startStop-1] org.apache.catalina.loader.WebappClassLoaderBase.clearReferencesObjectStreamClassCaches Java 9 또는 이후 버전을 사용할 때에는, "--add-opens=java.base/java.io=ALL-UNNAMED" 을(를) JVM 명령행 아규먼트들에 추가해서, ObjectStream 캐시 메모리 릭 방지 옵션을 활성화할 필요가 있습니다. 또는 원하시는 경우, ObjectStream 클래스 캐시 메모리 릭 방지 옵션을 비활성화해서 이 경고 메시지를 없앨 수도 있습니다.
09-May-2023 15:12:23.872 WARNING [localhost-startStop-1] org.apache.catalina.loader.WebappClassLoaderBase.checkThreadLocalsForLeaks Java 9 환경에서 실행할 때에는, ThreadLocal 메모리 누수 탐지를 위하여, "--add-opens=java.base/java.lang=ALL-UNNAMED"를 JVM 명령 행 아규먼트들에 추가해야 합니다. 또는, ThreadLocal 메모리 누수 탐지를 사용불능 상태로 설정함으로써, 이 경고 메시지를 없앨 수도 있습니다.
09-May-2023 15:12:23.873 WARNING [localhost-startStop-1] org.apache.catalina.loader.WebappClassLoaderBase.clearReferencesRmiTargets Java 9에서 실행하면서 RMI Target 메모리 누수 탐지를 사용 가능하게 하려면, "--add-opens=java.rmi/sun.rmi.transport=ALL-UNNAMED"를 JVM 명령 행 아규먼트에 추가해야 합니다. 또는, RMI Target 메모리 누수 탐지를 사용불능 상태로 설정함으로써, 이 경고를 없앨 수도 있습니다.
09-May-2023 15:12:23.875 WARNING [localhost-startStop-1] org.apache.catalina.loader.WebappClassLoaderBase.clearReferencesObjectStreamClassCaches Java 9 또는 이후 버전을 사용할 때에는, "--add-opens=java.base/java.io=ALL-UNNAMED" 을(를) JVM 명령행 아규먼트들에 추가해서, ObjectStream 캐시 메모리 릭 방지 옵션을 활성화할 필요가 있습니다. 또는 원하시는 경우, ObjectStream 클래스 캐시 메모리 릭 방지 옵션을 비활성화해서 이 경고 메시지를 없앨 수도 있습니다.
09-May-2023 15:12:23.876 WARNING [localhost-startStop-1] org.apache.catalina.loader.WebappClassLoaderBase.checkThreadLocalsForLeaks Java 9 환경에서 실행할 때에는, ThreadLocal 메모리 누수 탐지를 위하여, "--add-opens=java.base/java.lang=ALL-UNNAMED"를 JVM 명령 행 아규먼트들에 추가해야 합니다. 또는, ThreadLocal 메모리 누수 탐지를 사용불능 상태로 설정함으로써, 이 경고 메시지를 없앨 수도 있습니다.
09-May-2023 15:12:23.876 WARNING [localhost-startStop-1] org.apache.catalina.loader.WebappClassLoaderBase.clearReferencesRmiTargets Java 9에서 실행하면서 RMI Target 메모리 누수 탐지를 사용 가능하게 하려면, "--add-opens=java.rmi/sun.rmi.transport=ALL-UNNAMED"를 JVM 명령 행 아규먼트에 추가해야 합니다. 또는, RMI Target 메모리 누수 탐지를 사용불능 상태로 설정함으로써, 이 경고를 없앨 수도 있습니다.
09-May-2023 15:12:23.878 WARNING [localhost-startStop-1] org.apache.catalina.loader.WebappClassLoaderBase.clearReferencesObjectStreamClassCaches Java 9 또는 이후 버전을 사용할 때에는, "--add-opens=java.base/java.io=ALL-UNNAMED" 을(를) JVM 명령행 아규먼트들에 추가해서, ObjectStream 캐시 메모리 릭 방지 옵션을 활성화할 필요가 있습니다. 또는 원하시는 경우, ObjectStream 클래스 캐시 메모리 릭 방지 옵션을 비활성화해서 이 경고 메시지를 없앨 수도 있습니다.
09-May-2023 15:12:23.878 WARNING [localhost-startStop-1] org.apache.catalina.loader.WebappClassLoaderBase.checkThreadLocalsForLeaks Java 9 환경에서 실행할 때에는, ThreadLocal 메모리 누수 탐지를 위하여, "--add-opens=java.base/java.lang=ALL-UNNAMED"를 JVM 명령 행 아규먼트들에 추가해야 합니다. 또는, ThreadLocal 메모리 누수 탐지를 사용불능 상태로 설정함으로써, 이 경고 메시지를 없앨 수도 있습니다.
09-May-2023 15:12:23.878 WARNING [localhost-startStop-1] org.apache.catalina.loader.WebappClassLoaderBase.clearReferencesRmiTargets Java 9에서 실행하면서 RMI Target 메모리 누수 탐지를 사용 가능하게 하려면, "--add-opens=java.rmi/sun.rmi.transport=ALL-UNNAMED"를 JVM 명령 행 아규먼트에 추가해야 합니다. 또는, RMI Target 메모리 누수 탐지를 사용불능 상태로 설정함으로써, 이 경고를 없앨 수도 있습니다.
09-May-2023 15:12:23.878 INFO [main] org.apache.coyote.AbstractProtocol.stop 프로토콜 핸들러 ["http-nio-8080"]을(를) 중지시킵니다.
09-May-2023 15:12:23.880 INFO [main] org.apache.coyote.AbstractProtocol.destroy 프로토콜 핸들러 ["http-nio-8080"]을(를) 소멸시킵니다.
